0 info it worked if it ends with ok
1 verbose cli [ '/usr/bin/nodejs',
1 verbose cli   '/usr/bin/npm',
1 verbose cli   'install',
1 verbose cli   'grunt-contrib-requirejs',
1 verbose cli   '--save-dev' ]
2 info using npm@1.4.21
3 info using node@v0.10.25
4 warn package.json @0.1.0 No description
5 warn package.json @0.1.0 No repository field.
6 warn package.json @0.1.0 No README data
7 verbose readDependencies using package.json deps
8 verbose cache add [ 'grunt-contrib-requirejs', null ]
9 verbose cache add name=undefined spec="grunt-contrib-requirejs" args=["grunt-contrib-requirejs",null]
10 verbose parsed url { protocol: null,
10 verbose parsed url   slashes: null,
10 verbose parsed url   auth: null,
10 verbose parsed url   host: null,
10 verbose parsed url   port: null,
10 verbose parsed url   hostname: null,
10 verbose parsed url   hash: null,
10 verbose parsed url   search: null,
10 verbose parsed url   query: null,
10 verbose parsed url   pathname: 'grunt-contrib-requirejs',
10 verbose parsed url   path: 'grunt-contrib-requirejs',
10 verbose parsed url   href: 'grunt-contrib-requirejs' }
11 silly lockFile 2d6322b1-grunt-contrib-requirejs grunt-contrib-requirejs
12 verbose lock grunt-contrib-requirejs /home/martin/.npm/2d6322b1-grunt-contrib-requirejs.lock
13 silly lockFile 2d6322b1-grunt-contrib-requirejs grunt-contrib-requirejs
14 silly lockFile 2d6322b1-grunt-contrib-requirejs grunt-contrib-requirejs
15 verbose addNamed [ 'grunt-contrib-requirejs', '' ]
16 verbose addNamed [ null, '*' ]
17 silly lockFile 28119593-grunt-contrib-requirejs grunt-contrib-requirejs@
18 verbose lock grunt-contrib-requirejs@ /home/martin/.npm/28119593-grunt-contrib-requirejs.lock
19 silly addNameRange { name: 'grunt-contrib-requirejs', range: '*', hasData: false }
20 verbose request where is /grunt-contrib-requirejs
21 verbose request registry https://registry.npmjs.org/
22 verbose request id 09f344dbdff64d13
23 verbose url raw /grunt-contrib-requirejs
24 verbose url resolving [ 'https://registry.npmjs.org/', './grunt-contrib-requirejs' ]
25 verbose url resolved https://registry.npmjs.org/grunt-contrib-requirejs
26 verbose request where is https://registry.npmjs.org/grunt-contrib-requirejs
27 info trying registry request attempt 1 at 09:21:42
28 http GET https://registry.npmjs.org/grunt-contrib-requirejs
29 http 200 https://registry.npmjs.org/grunt-contrib-requirejs
30 silly registry.get cb [ 200,
30 silly registry.get   { date: 'Tue, 27 Jan 2015 09:21:41 GMT',
30 silly registry.get     server: 'CouchDB/1.5.0 (Erlang OTP/R14B04)',
30 silly registry.get     etag: '"A53I0KTAS66H8RKXB9RTTKPXM"',
30 silly registry.get     'content-type': 'application/json',
30 silly registry.get     'cache-control': 'max-age=60',
30 silly registry.get     'content-length': '22552',
30 silly registry.get     'accept-ranges': 'bytes',
30 silly registry.get     via: '1.1 varnish',
30 silly registry.get     age: '19',
30 silly registry.get     'x-served-by': 'cache-lcy1120-LCY',
30 silly registry.get     'x-cache': 'HIT',
30 silly registry.get     'x-cache-hits': '1',
30 silly registry.get     'x-timer': 'S1422350501.941278,VS0,VE0',
30 silly registry.get     vary: 'Accept',
30 silly registry.get     'keep-alive': 'timeout=10, max=50',
30 silly registry.get     connection: 'Keep-Alive' } ]
31 silly addNameRange number 2 { name: 'grunt-contrib-requirejs', range: '*', hasData: true }
32 silly addNameRange versions [ 'grunt-contrib-requirejs',
32 silly addNameRange   [ '0.1.0',
32 silly addNameRange     '0.2.0',
32 silly addNameRange     '0.3.0',
32 silly addNameRange     '0.3.2',
32 silly addNameRange     '0.3.3',
32 silly addNameRange     '0.3.4',
32 silly addNameRange     '0.4.0',
32 silly addNameRange     '0.4.1',
32 silly addNameRange     '0.4.2',
32 silly addNameRange     '0.4.3',
32 silly addNameRange     '0.4.4',
32 silly addNameRange     '0.4.0-rc7' ] ]
33 verbose addNamed [ 'grunt-contrib-requirejs', '0.4.4' ]
34 verbose addNamed [ '0.4.4', '0.4.4' ]
35 silly lockFile e2afe6c5-grunt-contrib-requirejs-0-4-4 grunt-contrib-requirejs@0.4.4
36 verbose lock grunt-contrib-requirejs@0.4.4 /home/martin/.npm/e2afe6c5-grunt-contrib-requirejs-0-4-4.lock
37 silly lockFile a8465768-runt-contrib-requirejs-0-4-4-tgz https://registry.npmjs.org/grunt-contrib-requirejs/-/grunt-contrib-requirejs-0.4.4.tgz
38 verbose lock https://registry.npmjs.org/grunt-contrib-requirejs/-/grunt-contrib-requirejs-0.4.4.tgz /home/martin/.npm/a8465768-runt-contrib-requirejs-0-4-4-tgz.lock
39 verbose addRemoteTarball [ 'https://registry.npmjs.org/grunt-contrib-requirejs/-/grunt-contrib-requirejs-0.4.4.tgz',
39 verbose addRemoteTarball   '87f2165a981e48a45d22f8cc5299d0934031b972' ]
40 info retry fetch attempt 1 at 09:21:42
41 verbose fetch to= /tmp/npm-1809-xjFO6AOJ/registry.npmjs.org/grunt-contrib-requirejs/-/grunt-contrib-requirejs-0.4.4.tgz
42 http GET https://registry.npmjs.org/grunt-contrib-requirejs/-/grunt-contrib-requirejs-0.4.4.tgz
43 http 200 https://registry.npmjs.org/grunt-contrib-requirejs/-/grunt-contrib-requirejs-0.4.4.tgz
44 silly lockFile a8465768-runt-contrib-requirejs-0-4-4-tgz https://registry.npmjs.org/grunt-contrib-requirejs/-/grunt-contrib-requirejs-0.4.4.tgz
45 silly lockFile a8465768-runt-contrib-requirejs-0-4-4-tgz https://registry.npmjs.org/grunt-contrib-requirejs/-/grunt-contrib-requirejs-0.4.4.tgz
46 silly lockFile e2afe6c5-grunt-contrib-requirejs-0-4-4 grunt-contrib-requirejs@0.4.4
47 silly lockFile e2afe6c5-grunt-contrib-requirejs-0-4-4 grunt-contrib-requirejs@0.4.4
48 silly lockFile 28119593-grunt-contrib-requirejs grunt-contrib-requirejs@
49 silly lockFile 28119593-grunt-contrib-requirejs grunt-contrib-requirejs@
50 silly resolved [ { name: 'grunt-contrib-requirejs',
50 silly resolved     description: 'Optimize RequireJS projects using r.js.',
50 silly resolved     version: '0.4.4',
50 silly resolved     homepage: 'https://github.com/gruntjs/grunt-contrib-requirejs',
50 silly resolved     author: { name: 'Grunt Team', url: 'http://gruntjs.com/' },
50 silly resolved     repository:
50 silly resolved      { type: 'git',
50 silly resolved        url: 'git://github.com/gruntjs/grunt-contrib-requirejs.git' },
50 silly resolved     bugs: { url: 'https://github.com/gruntjs/grunt-contrib-requirejs/issues' },
50 silly resolved     licenses: [ [Object] ],
50 silly resolved     engines: { node: '>= 0.8.0' },
50 silly resolved     scripts: { test: 'grunt test' },
50 silly resolved     dependencies: { requirejs: '~2.1.0' },
50 silly resolved     devDependencies:
50 silly resolved      { 'grunt-contrib-jshint': '~0.2.0',
50 silly resolved        'grunt-contrib-nodeunit': '~0.1.2',
50 silly resolved        'grunt-contrib-clean': '~0.4.0',
50 silly resolved        'grunt-contrib-internal': '~0.4.7',
50 silly resolved        grunt: '~0.4.0' },
50 silly resolved     peerDependencies: { grunt: '~0.4.0' },
50 silly resolved     keywords: [ 'gruntplugin' ],
50 silly resolved     files: [ 'tasks', 'LICENSE-MIT' ],
50 silly resolved     _id: 'grunt-contrib-requirejs@0.4.4',
50 silly resolved     dist:
50 silly resolved      { shasum: '87f2165a981e48a45d22f8cc5299d0934031b972',
50 silly resolved        tarball: 'http://registry.npmjs.org/grunt-contrib-requirejs/-/grunt-contrib-requirejs-0.4.4.tgz' },
50 silly resolved     _from: 'grunt-contrib-requirejs@',
50 silly resolved     _npmVersion: '1.4.3',
50 silly resolved     _npmUser: { name: 'tkellen', email: 'tyler@sleekcode.net' },
50 silly resolved     maintainers: [ [Object], [Object], [Object], [Object], [Object], [Object] ],
50 silly resolved     directories: {},
50 silly resolved     _shasum: '87f2165a981e48a45d22f8cc5299d0934031b972',
50 silly resolved     _resolved: 'https://registry.npmjs.org/grunt-contrib-requirejs/-/grunt-contrib-requirejs-0.4.4.tgz' } ]
51 info install grunt-contrib-requirejs@0.4.4 into /var/www/html/mvc
52 info installOne grunt-contrib-requirejs@0.4.4
53 verbose node_modules/grunt-contrib-requirejs unbuild
54 verbose tar unpack /home/martin/.npm/grunt-contrib-requirejs/0.4.4/package.tgz
55 silly lockFile f1b229be--modules-grunt-contrib-requirejs tar:///var/www/html/mvc/node_modules/grunt-contrib-requirejs
56 verbose lock tar:///var/www/html/mvc/node_modules/grunt-contrib-requirejs /home/martin/.npm/f1b229be--modules-grunt-contrib-requirejs.lock
57 silly lockFile 818039dc-trib-requirejs-0-4-4-package-tgz tar:///home/martin/.npm/grunt-contrib-requirejs/0.4.4/package.tgz
58 verbose lock tar:///home/martin/.npm/grunt-contrib-requirejs/0.4.4/package.tgz /home/martin/.npm/818039dc-trib-requirejs-0-4-4-package-tgz.lock
59 silly gunzTarPerm modes [ '755', '644' ]
60 silly gunzTarPerm extractEntry package.json
61 silly gunzTarPerm extractEntry README.md
62 silly gunzTarPerm extractEntry LICENSE-MIT
63 silly gunzTarPerm extractEntry tasks/requirejs.js
64 silly lockFile f1b229be--modules-grunt-contrib-requirejs tar:///var/www/html/mvc/node_modules/grunt-contrib-requirejs
65 silly lockFile f1b229be--modules-grunt-contrib-requirejs tar:///var/www/html/mvc/node_modules/grunt-contrib-requirejs
66 silly lockFile 818039dc-trib-requirejs-0-4-4-package-tgz tar:///home/martin/.npm/grunt-contrib-requirejs/0.4.4/package.tgz
67 silly lockFile 818039dc-trib-requirejs-0-4-4-package-tgz tar:///home/martin/.npm/grunt-contrib-requirejs/0.4.4/package.tgz
68 info preinstall grunt-contrib-requirejs@0.4.4
69 verbose readDependencies using package.json deps
70 verbose readDependencies using package.json deps
71 verbose cache add [ 'requirejs@~2.1.0', null ]
72 verbose cache add name=undefined spec="requirejs@~2.1.0" args=["requirejs@~2.1.0",null]
73 verbose parsed url { protocol: null,
73 verbose parsed url   slashes: null,
73 verbose parsed url   auth: null,
73 verbose parsed url   host: null,
73 verbose parsed url   port: null,
73 verbose parsed url   hostname: null,
73 verbose parsed url   hash: null,
73 verbose parsed url   search: null,
73 verbose parsed url   query: null,
73 verbose parsed url   pathname: 'requirejs@~2.1.0',
73 verbose parsed url   path: 'requirejs@~2.1.0',
73 verbose parsed url   href: 'requirejs@~2.1.0' }
74 verbose cache add name="requirejs" spec="~2.1.0" args=["requirejs","~2.1.0"]
75 verbose parsed url { protocol: null,
75 verbose parsed url   slashes: null,
75 verbose parsed url   auth: null,
75 verbose parsed url   host: null,
75 verbose parsed url   port: null,
75 verbose parsed url   hostname: null,
75 verbose parsed url   hash: null,
75 verbose parsed url   search: null,
75 verbose parsed url   query: null,
75 verbose parsed url   pathname: '~2.1.0',
75 verbose parsed url   path: '~2.1.0',
75 verbose parsed url   href: '~2.1.0' }
76 verbose addNamed [ 'requirejs', '~2.1.0' ]
77 verbose addNamed [ null, '>=2.1.0-0 <2.2.0-0' ]
78 silly lockFile f4392238-requirejs-2-1-0 requirejs@~2.1.0
79 verbose lock requirejs@~2.1.0 /home/martin/.npm/f4392238-requirejs-2-1-0.lock
80 silly addNameRange { name: 'requirejs',
80 silly addNameRange   range: '>=2.1.0-0 <2.2.0-0',
80 silly addNameRange   hasData: false }
81 verbose request where is /requirejs
82 verbose request registry https://registry.npmjs.org/
83 verbose url raw /requirejs
84 verbose url resolving [ 'https://registry.npmjs.org/', './requirejs' ]
85 verbose url resolved https://registry.npmjs.org/requirejs
86 verbose request where is https://registry.npmjs.org/requirejs
87 info trying registry request attempt 1 at 09:21:42
88 http GET https://registry.npmjs.org/requirejs
89 http 200 https://registry.npmjs.org/requirejs
90 silly registry.get cb [ 200,
90 silly registry.get   { date: 'Tue, 27 Jan 2015 09:21:42 GMT',
90 silly registry.get     server: 'CouchDB/1.5.0 (Erlang OTP/R16B03)',
90 silly registry.get     etag: '"EVSOTSQQ7MFATBTGXPG5QE6W0"',
90 silly registry.get     'content-type': 'application/json',
90 silly registry.get     'cache-control': 'max-age=60',
90 silly registry.get     'content-length': '35947',
90 silly registry.get     'accept-ranges': 'bytes',
90 silly registry.get     via: '1.1 varnish',
90 silly registry.get     age: '40',
90 silly registry.get     'x-served-by': 'cache-lhr6322-LHR',
90 silly registry.get     'x-cache': 'HIT',
90 silly registry.get     'x-cache-hits': '1',
90 silly registry.get     'x-timer': 'S1422350502.234619,VS0,VE0',
90 silly registry.get     vary: 'Accept',
90 silly registry.get     'keep-alive': 'timeout=10, max=50',
90 silly registry.get     connection: 'Keep-Alive' } ]
91 silly addNameRange number 2 { name: 'requirejs', range: '>=2.1.0-0 <2.2.0-0', hasData: true }
92 silly addNameRange versions [ 'requirejs',
92 silly addNameRange   [ '0.26.0',
92 silly addNameRange     '0.27.0',
92 silly addNameRange     '0.27.1',
92 silly addNameRange     '1.0.0',
92 silly addNameRange     '1.0.1',
92 silly addNameRange     '1.0.2',
92 silly addNameRange     '1.0.3',
92 silly addNameRange     '1.0.4',
92 silly addNameRange     '1.0.5',
92 silly addNameRange     '1.0.6',
92 silly addNameRange     '1.0.7',
92 silly addNameRange     '1.0.8',
92 silly addNameRange     '2.0.0',
92 silly addNameRange     '2.0.1',
92 silly addNameRange     '2.0.2',
92 silly addNameRange     '2.0.3',
92 silly addNameRange     '2.0.4',
92 silly addNameRange     '2.0.5',
92 silly addNameRange     '2.0.6',
92 silly addNameRange     '2.1.0',
92 silly addNameRange     '2.1.1',
92 silly addNameRange     '2.1.2',
92 silly addNameRange     '2.1.3',
92 silly addNameRange     '2.1.4',
92 silly addNameRange     '2.1.5',
92 silly addNameRange     '2.1.6',
92 silly addNameRange     '2.1.7',
92 silly addNameRange     '2.1.8',
92 silly addNameRange     '2.1.9',
92 silly addNameRange     '2.1.10',
92 silly addNameRange     '2.1.11',
92 silly addNameRange     '2.1.12',
92 silly addNameRange     '2.1.13',
92 silly addNameRange     '2.1.14',
92 silly addNameRange     '2.1.15' ] ]
93 verbose addNamed [ 'requirejs', '2.1.15' ]
94 verbose addNamed [ '2.1.15', '2.1.15' ]
95 silly lockFile 87818c58-requirejs-2-1-15 requirejs@2.1.15
96 verbose lock requirejs@2.1.15 /home/martin/.npm/87818c58-requirejs-2-1-15.lock
97 silly lockFile 71b1f59b-g-requirejs-requirejs-2-1-15-tgz https://registry.npmjs.org/requirejs/-/requirejs-2.1.15.tgz
98 verbose lock https://registry.npmjs.org/requirejs/-/requirejs-2.1.15.tgz /home/martin/.npm/71b1f59b-g-requirejs-requirejs-2-1-15-tgz.lock
99 verbose addRemoteTarball [ 'https://registry.npmjs.org/requirejs/-/requirejs-2.1.15.tgz',
99 verbose addRemoteTarball   'cbcfce55d584ae5983c00a20daa8eade37d18892' ]
100 info retry fetch attempt 1 at 09:21:42
101 verbose fetch to= /tmp/npm-1809-xjFO6AOJ/registry.npmjs.org/requirejs/-/requirejs-2.1.15.tgz
102 http GET https://registry.npmjs.org/requirejs/-/requirejs-2.1.15.tgz
103 http 200 https://registry.npmjs.org/requirejs/-/requirejs-2.1.15.tgz
104 silly lockFile 71b1f59b-g-requirejs-requirejs-2-1-15-tgz https://registry.npmjs.org/requirejs/-/requirejs-2.1.15.tgz
105 silly lockFile 71b1f59b-g-requirejs-requirejs-2-1-15-tgz https://registry.npmjs.org/requirejs/-/requirejs-2.1.15.tgz
106 silly lockFile 87818c58-requirejs-2-1-15 requirejs@2.1.15
107 silly lockFile 87818c58-requirejs-2-1-15 requirejs@2.1.15
108 silly lockFile f4392238-requirejs-2-1-0 requirejs@~2.1.0
109 silly lockFile f4392238-requirejs-2-1-0 requirejs@~2.1.0
110 silly resolved [ { name: 'requirejs',
110 silly resolved     description: 'Node adapter for RequireJS, for loading AMD modules. Includes RequireJS optimizer',
110 silly resolved     version: '2.1.15',
110 silly resolved     homepage: 'http://github.com/jrburke/r.js',
110 silly resolved     author:
110 silly resolved      { name: 'James Burke',
110 silly resolved        email: 'jrburke@gmail.com',
110 silly resolved        url: 'http://github.com/jrburke' },
110 silly resolved     licenses: [ [Object], [Object] ],
110 silly resolved     repository: { type: 'git', url: 'https://github.com/jrburke/r.js.git' },
110 silly resolved     main: './bin/r.js',
110 silly resolved     bin: { 'r.js': './bin/r.js' },
110 silly resolved     engines: { node: '>=0.4.0' },
110 silly resolved     bugs: { url: 'https://github.com/jrburke/r.js/issues' },
110 silly resolved     _id: 'requirejs@2.1.15',
110 silly resolved     scripts: {},
110 silly resolved     _shasum: 'cbcfce55d584ae5983c00a20daa8eade37d18892',
110 silly resolved     _from: 'requirejs@~2.1.0',
110 silly resolved     _npmVersion: '1.4.14',
110 silly resolved     _npmUser: { name: 'jrburke', email: 'jrburke@gmail.com' },
110 silly resolved     maintainers: [ [Object] ],
110 silly resolved     dist:
110 silly resolved      { shasum: 'cbcfce55d584ae5983c00a20daa8eade37d18892',
110 silly resolved        tarball: 'http://registry.npmjs.org/requirejs/-/requirejs-2.1.15.tgz' },
110 silly resolved     directories: {},
110 silly resolved     _resolved: 'https://registry.npmjs.org/requirejs/-/requirejs-2.1.15.tgz' } ]
111 info install requirejs@2.1.15 into /var/www/html/mvc/node_modules/grunt-contrib-requirejs
112 info installOne requirejs@2.1.15
113 verbose node_modules/grunt-contrib-requirejs/node_modules/requirejs unbuild
114 verbose tar unpack /home/martin/.npm/requirejs/2.1.15/package.tgz
115 silly lockFile 6326e99c-requirejs-node-modules-requirejs tar:///var/www/html/mvc/node_modules/grunt-contrib-requirejs/node_modules/requirejs
116 verbose lock tar:///var/www/html/mvc/node_modules/grunt-contrib-requirejs/node_modules/requirejs /home/martin/.npm/6326e99c-requirejs-node-modules-requirejs.lock
117 silly lockFile ad979609-npm-requirejs-2-1-15-package-tgz tar:///home/martin/.npm/requirejs/2.1.15/package.tgz
118 verbose lock tar:///home/martin/.npm/requirejs/2.1.15/package.tgz /home/martin/.npm/ad979609-npm-requirejs-2-1-15-package-tgz.lock
119 silly gunzTarPerm modes [ '755', '644' ]
120 silly gunzTarPerm extractEntry package.json
121 silly gunzTarPerm extractEntry README.md
122 silly gunzTarPerm extractEntry require.js
123 silly gunzTarPerm extractEntry bin/r.js
124 silly lockFile 6326e99c-requirejs-node-modules-requirejs tar:///var/www/html/mvc/node_modules/grunt-contrib-requirejs/node_modules/requirejs
125 silly lockFile 6326e99c-requirejs-node-modules-requirejs tar:///var/www/html/mvc/node_modules/grunt-contrib-requirejs/node_modules/requirejs
126 silly lockFile ad979609-npm-requirejs-2-1-15-package-tgz tar:///home/martin/.npm/requirejs/2.1.15/package.tgz
127 silly lockFile ad979609-npm-requirejs-2-1-15-package-tgz tar:///home/martin/.npm/requirejs/2.1.15/package.tgz
128 info preinstall requirejs@2.1.15
129 verbose readDependencies using package.json deps
130 verbose readDependencies using package.json deps
131 silly resolved []
132 verbose about to build /var/www/html/mvc/node_modules/grunt-contrib-requirejs/node_modules/requirejs
133 info build /var/www/html/mvc/node_modules/grunt-contrib-requirejs/node_modules/requirejs
134 verbose linkStuff [ false,
134 verbose linkStuff   false,
134 verbose linkStuff   false,
134 verbose linkStuff   '/var/www/html/mvc/node_modules/grunt-contrib-requirejs/node_modules' ]
135 info linkStuff requirejs@2.1.15
136 verbose linkBins requirejs@2.1.15
137 verbose link bins [ { 'r.js': './bin/r.js' },
137 verbose link bins   '/var/www/html/mvc/node_modules/grunt-contrib-requirejs/node_modules/.bin',
137 verbose link bins   false ]
138 verbose linkMans requirejs@2.1.15
139 verbose rebuildBundles requirejs@2.1.15
140 verbose node_modules/grunt-contrib-requirejs/node_modules/requirejs unbuild
141 info preuninstall requirejs@2.1.15
142 info uninstall requirejs@2.1.15
143 verbose false,/var/www/html/mvc/node_modules,/var/www/html/mvc/node_modules/grunt-contrib-requirejs/node_modules unbuild requirejs@2.1.15
144 verbose /var/www/html/mvc/node_modules/grunt-contrib-requirejs/node_modules/.bin,[object Object] binRoot
145 info postuninstall requirejs@2.1.15
146 verbose about to build /var/www/html/mvc/node_modules/grunt-contrib-requirejs
147 verbose node_modules/grunt-contrib-requirejs unbuild
148 info preuninstall grunt-contrib-requirejs@0.4.4
149 info uninstall grunt-contrib-requirejs@0.4.4
150 verbose true,/var/www/html/mvc/node_modules,/var/www/html/mvc/node_modules unbuild grunt-contrib-requirejs@0.4.4
151 info postuninstall grunt-contrib-requirejs@0.4.4
152 error rofs EROFS, symlink '../requirejs/bin/r.js'
152 error rofs This is most likely not a problem with npm itself
152 error rofs and is related to the file system being read-only.
152 error rofs
152 error rofs Often virtualized file systems, or other file systems
152 error rofs that don't support symlinks, give this error.
153 error System Linux 3.16.0-28-generic
154 error command "/usr/bin/nodejs" "/usr/bin/npm" "install" "grunt-contrib-requirejs" "--save-dev"
155 error cwd /var/www/html/mvc
156 error node -v v0.10.25
157 error npm -v 1.4.21
158 error path ../requirejs/bin/r.js
159 error code EROFS
160 error errno 56
161 verbose exit [ 56, true ]
